app/build/intermediates/manifest_merge_blame_file/debug/processDebugMainManifest/manifest-merger-blame-debug-report.txt
1<?xml version="1.0" encoding="utf-8"?>
2<manifest xmlns:android="http://schemas.android.com/apk/res/android"
3    package="com.hastakala.shop"
4    android:versionCode="1"
5    android:versionName="1.0" >
6
7    <uses-sdk
8        android:minSdkVersion="24"
9        android:targetSdkVersion="35" />
10
11    <permission
11-->[androidx.core:core:1.13.1] AndroidManifest.xml:22:5-24:47
12        android:name="com.hastakala.shop.DYNAMIC_RECEIVER_NOT_EXPORTED_PERMISSION"
12-->[androidx.core:core:1.13.1] AndroidManifest.xml:23:9-81
13        android:protectionLevel="signature" />
13-->[androidx.core:core:1.13.1] AndroidManifest.xml:24:9-44
14
15    <uses-permission android:name="com.hastakala.shop.DYNAMIC_RECEIVER_NOT_EXPORTED_PERMISSION" />
15-->[androidx.core:core:1.13.1] AndroidManifest.xml:26:5-97
15-->[androidx.core:core:1.13.1] AndroidManifest.xml:26:22-94
16
17    <application
17-->src\main\AndroidManifest.xml:4:5-39:19
18        android:name="com.hastakala.shop.utils.HastaKalaApplication"
18-->src\main\AndroidManifest.xml:5:9-51
19        android:allowBackup="true"
19-->src\main\AndroidManifest.xml:6:9-35
20        android:appComponentFactory="androidx.core.app.CoreComponentFactory"
20-->[androidx.core:core:1.13.1] AndroidManifest.xml:28:18-86
21        android:debuggable="true"
22        android:extractNativeLibs="false"
23        android:icon="@mipmap/ic_launcher"
23-->src\main\AndroidManifest.xml:7:9-43
24        android:label="@string/app_name"
24-->src\main\AndroidManifest.xml:8:9-41
25        android:roundIcon="@mipmap/ic_launcher_round"
25-->src\main\AndroidManifest.xml:9:9-54
26        android:supportsRtl="true"
26-->src\main\AndroidManifest.xml:10:9-35
27        android:testOnly="true"
28        android:theme="@style/Theme.HastaKalaShop" >
28-->src\main\AndroidManifest.xml:11:9-51
29        <activity
29-->src\main\AndroidManifest.xml:13:9-16:58
30            android:name="com.hastakala.shop.activities.IncomeLogActivity"
30-->src\main\AndroidManifest.xml:14:13-57
31            android:exported="false"
31-->src\main\AndroidManifest.xml:15:13-37
32            android:theme="@style/Theme.HastaKalaShop" />
32-->src\main\AndroidManifest.xml:16:13-55
33        <activity
33-->src\main\AndroidManifest.xml:17:9-20:58
34            android:name="com.hastakala.shop.authentication.SignUpActivity"
34-->src\main\AndroidManifest.xml:18:13-58
35            android:exported="false"
35-->src\main\AndroidManifest.xml:19:13-37
36            android:theme="@style/Theme.HastaKalaShop" />
36-->src\main\AndroidManifest.xml:20:13-55
37        <activity
37-->src\main\AndroidManifest.xml:21:9-24:58
38            android:name="com.hastakala.shop.authentication.SignInActivity"
38-->src\main\AndroidManifest.xml:22:13-58
39            android:exported="false"
39-->src\main\AndroidManifest.xml:23:13-37
40            android:theme="@style/Theme.HastaKalaShop" />
40-->src\main\AndroidManifest.xml:24:13-55
41        <activity
41-->src\main\AndroidManifest.xml:25:9-28:58
42            android:name="com.hastakala.shop.activities.MainActivity"
42-->src\main\AndroidManifest.xml:26:13-52
43            android:exported="false"
43-->src\main\AndroidManifest.xml:27:13-37
44            android:theme="@style/Theme.HastaKalaShop" />
44-->src\main\AndroidManifest.xml:28:13-55
45        <activity
45-->src\main\AndroidManifest.xml:29:9-38:20
46            android:name="com.hastakala.shop.authentication.SplashActivity"
46-->src\main\AndroidManifest.xml:30:13-58
47            android:exported="true"
47-->src\main\AndroidManifest.xml:31:13-36
48            android:theme="@style/Theme.HastaKalaShop.Splash" >
48-->src\main\AndroidManifest.xml:32:13-62
49            <intent-filter>
49-->src\main\AndroidManifest.xml:33:13-37:29
50                <action android:name="android.intent.action.MAIN" />
50-->src\main\AndroidManifest.xml:34:17-69
50-->src\main\AndroidManifest.xml:34:25-66
51
52                <category android:name="android.intent.category.LAUNCHER" />
52-->src\main\AndroidManifest.xml:36:17-77
52-->src\main\AndroidManifest.xml:36:27-74
53            </intent-filter>
54        </activity>
55
56        <provider
56-->[androidx.emoji2:emoji2:1.3.0] AndroidManifest.xml:24:9-32:20
57            android:name="androidx.startup.InitializationProvider"
57-->[androidx.emoji2:emoji2:1.3.0] AndroidManifest.xml:25:13-67
58            android:authorities="com.hastakala.shop.androidx-startup"
58-->[androidx.emoji2:emoji2:1.3.0] AndroidManifest.xml:26:13-68
59            android:exported="false" >
59-->[androidx.emoji2:emoji2:1.3.0] AndroidManifest.xml:27:13-37
60            <meta-data
60-->[androidx.emoji2:emoji2:1.3.0] AndroidManifest.xml:29:13-31:52
61                android:name="androidx.emoji2.text.EmojiCompatInitializer"
61-->[androidx.emoji2:emoji2:1.3.0] AndroidManifest.xml:30:17-75
62                android:value="androidx.startup" />
62-->[androidx.emoji2:emoji2:1.3.0] AndroidManifest.xml:31:17-49
63            <meta-data
63-->[androidx.lifecycle:lifecycle-process:2.8.6] AndroidManifest.xml:29:13-31:52
64                android:name="androidx.lifecycle.ProcessLifecycleInitializer"
64-->[androidx.lifecycle:lifecycle-process:2.8.6] AndroidManifest.xml:30:17-78
65                android:value="androidx.startup" />
65-->[androidx.lifecycle:lifecycle-process:2.8.6] AndroidManifest.xml:31:17-49
66            <meta-data
66-->[androidx.profileinstaller:profileinstaller:1.3.1] AndroidManifest.xml:29:13-31:52
67                android:name="androidx.profileinstaller.ProfileInstallerInitializer"
67-->[androidx.profileinstaller:profileinstaller:1.3.1] AndroidManifest.xml:30:17-85
68                android:value="androidx.startup" />
68-->[androidx.profileinstaller:profileinstaller:1.3.1] AndroidManifest.xml:31:17-49
69        </provider>
70
71        <uses-library
71-->[androidx.window:window:1.0.0] AndroidManifest.xml:25:9-27:40
72            android:name="androidx.window.extensions"
72-->[androidx.window:window:1.0.0] AndroidManifest.xml:26:13-54
73            android:required="false" />
73-->[androidx.window:window:1.0.0] AndroidManifest.xml:27:13-37
74        <uses-library
74-->[androidx.window:window:1.0.0] AndroidManifest.xml:28:9-30:40
75            android:name="androidx.window.sidecar"
75-->[androidx.window:window:1.0.0] AndroidManifest.xml:29:13-51
76            android:required="false" />
76-->[androidx.window:window:1.0.0] AndroidManifest.xml:30:13-37
77
78        <service
78-->[androidx.room:room-runtime:2.6.1] AndroidManifest.xml:24:9-28:63
79            android:name="androidx.room.MultiInstanceInvalidationService"
79-->[androidx.room:room-runtime:2.6.1] AndroidManifest.xml:25:13-74
80            android:directBootAware="true"
80-->[androidx.room:room-runtime:2.6.1] AndroidManifest.xml:26:13-43
81            android:exported="false" />
81-->[androidx.room:room-runtime:2.6.1] AndroidManifest.xml:27:13-37
82
83        <receiver
83-->[androidx.profileinstaller:profileinstaller:1.3.1] AndroidManifest.xml:34:9-52:20
84            android:name="androidx.profileinstaller.ProfileInstallReceiver"
84-->[androidx.profileinstaller:profileinstaller:1.3.1] AndroidManifest.xml:35:13-76
85            android:directBootAware="false"
85-->[androidx.profileinstaller:profileinstaller:1.3.1] AndroidManifest.xml:36:13-44
86            android:enabled="true"
86-->[androidx.profileinstaller:profileinstaller:1.3.1] AndroidManifest.xml:37:13-35
87            android:exported="true"
87-->[androidx.profileinstaller:profileinstaller:1.3.1] AndroidManifest.xml:38:13-36
88            android:permission="android.permission.DUMP" >
88-->[androidx.profileinstaller:profileinstaller:1.3.1] AndroidManifest.xml:39:13-57
89            <intent-filter>
89-->[androidx.profileinstaller:profileinstaller:1.3.1] AndroidManifest.xml:40:13-42:29
90                <action android:name="androidx.profileinstaller.action.INSTALL_PROFILE" />
90-->[androidx.profileinstaller:profileinstaller:1.3.1] AndroidManifest.xml:41:17-91
90-->[androidx.profileinstaller:profileinstaller:1.3.1] AndroidManifest.xml:41:25-88
91            </intent-filter>
92            <intent-filter>
92-->[androidx.profileinstaller:profileinstaller:1.3.1] AndroidManifest.xml:43:13-45:29
93                <action android:name="androidx.profileinstaller.action.SKIP_FILE" />
93-->[androidx.profileinstaller:profileinstaller:1.3.1] AndroidManifest.xml:44:17-85
93-->[androidx.profileinstaller:profileinstaller:1.3.1] AndroidManifest.xml:44:25-82
94            </intent-filter>
95            <intent-filter>
95-->[androidx.profileinstaller:profileinstaller:1.3.1] AndroidManifest.xml:46:13-48:29
96                <action android:name="androidx.profileinstaller.action.SAVE_PROFILE" />
96-->[androidx.profileinstaller:profileinstaller:1.3.1] AndroidManifest.xml:47:17-88
96-->[androidx.profileinstaller:profileinstaller:1.3.1] AndroidManifest.xml:47:25-85
97            </intent-filter>
98            <intent-filter>
98-->[androidx.profileinstaller:profileinstaller:1.3.1] AndroidManifest.xml:49:13-51:29
99                <action android:name="androidx.profileinstaller.action.BENCHMARK_OPERATION" />
99-->[androidx.profileinstaller:profileinstaller:1.3.1] AndroidManifest.xml:50:17-95
99-->[androidx.profileinstaller:profileinstaller:1.3.1] AndroidManifest.xml:50:25-92
100            </intent-filter>
101        </receiver>
102    </application>
103
104</manifest>